#
# A fatal error has been detected by the Java Runtime Environment:
#
#  EXCEPTION_ACCESS_VIOLATION (0xc0000005) at pc=0x00007ffb50befb6b, pid=11888, tid=5576
#
# JRE version: Java(TM) SE Runtime Environment (17.0+35) (build 17+35-LTS-2724)
# Java VM: Java HotSpot(TM) 64-Bit Server VM (17+35-LTS-2724, mixed mode, sharing, tiered, compressed oops, compressed class ptrs, g1 gc, windows-amd64)
# Problematic frame:
# V  [jvm.dll+0x64fb6b]
#
# No core dump will be written. Minidumps are not enabled by default on client versions of Windows
#
# If you would like to submit a bug report, please visit:
#   https://bugreport.java.com/bugreport/crash.jsp
#

---------------  S U M M A R Y ------------

Command Line: --add-modules=ALL-DEFAULT jdk.compiler/com.sun.tools.javac.launcher.Main .\Day9.java

Host: Intel(R) Core(TM) i5-4570 CPU @ 3.20GHz, 4 cores, 15G,  Windows 10 , 64 bit Build 19041 (10.0.19041.1348)
Time: Fri Dec 10 13:39:36 2021 W. Europe Standard Time elapsed time: 0.803020 seconds (0d 0h 0m 0s)

---------------  T H R E A D  ---------------

Current thread (0x00000184063ad3d0):  JavaThread "C2 CompilerThread1" daemon [_thread_in_native, id=5576, stack(0x0000007585500000,0x0000007585600000)]


Current CompileTask:
C2:    803 1730       4       Day9::createBassinOutline (220 bytes)

Stack: [0x0000007585500000,0x0000007585600000],  sp=0x00000075855fa870,  free space=1002k
Native frames: (J=compiled Java code, j=interpreted, Vv=VM code, C=native code)
V  [jvm.dll+0x64fb6b]
V  [jvm.dll+0x566abc]
V  [jvm.dll+0x57aaf0]
V  [jvm.dll+0x57c265]
V  [jvm.dll+0x578959]
V  [jvm.dll+0x21de2d]
V  [jvm.dll+0x217651]
V  [jvm.dll+0x214fb5]
V  [jvm.dll+0x1a168d]
V  [jvm.dll+0x2248f8]
V  [jvm.dll+0x222a5c]
V  [jvm.dll+0x78422b]
V  [jvm.dll+0x77e7ea]
V  [jvm.dll+0x66e715]
C  [ucrtbase.dll+0x21bb2]
C  [KERNEL32.DLL+0x17034]
C  [ntdll.dll+0x52651]


siginfo: EXCEPTION_ACCESS_VIOLATION (0xc0000005), reading address 0x0000000000000020


Register to memory mapping:

RIP=0x00007ffb50befb6b jvm.dll
RAX=0x0 is NULL
RBX=0x0 is NULL
RCX=0x0 is NULL
RDX=0x0 is NULL
RSP=0x00000075855fa870 is pointing into the stack for thread: 0x00000184063ad3d0
RBP=0x0 is NULL
RSI=0x0 is NULL
RDI=0x0000018407564e78 points into unknown readable memory: 0x00007ffb50e50ec8 | c8 0e e5 50 fb 7f 00 00
R8 =0x0000018407564e78 points into unknown readable memory: 0x00007ffb50e50ec8 | c8 0e e5 50 fb 7f 00 00
R9 =0x0000018407564ec8 points into unknown readable memory: 0x0000018407564ee0 | e0 4e 56 07 84 01 00 00
R10=0xfefefefefefefeff is an unknown value
R11=0x8080808080808080 is an unknown value
R12=0x0000000000000001 is an unknown value
R13=0x0000018407565638 points into unknown readable memory: 0x00007ffb50e65bb0 | b0 5b e6 50 fb 7f 00 00
R14=0x00000075855fad20 is pointing into the stack for thread: 0x00000184063ad3d0
R15=0x0 is NULL


Registers:
RAX=0x0000000000000000, RBX=0x0000000000000000, RCX=0x0000000000000000, RDX=0x0000000000000000
RSP=0x00000075855fa870, RBP=0x0000000000000000, RSI=0x0000000000000000, RDI=0x0000018407564e78
R8 =0x0000018407564e78, R9 =0x0000018407564ec8, R10=0xfefefefefefefeff, R11=0x8080808080808080
R12=0x0000000000000001, R13=0x0000018407565638, R14=0x00000075855fad20, R15=0x0000000000000000
RIP=0x00007ffb50befb6b, EFLAGS=0x0000000000010246

Top of Stack: (sp=0x00000075855fa870)
0x00000075855fa870:   0000018407566588 00007ffb50d5796e
0x00000075855fa880:   0000018407565638 00007ffb50bde607
0x00000075855fa890:   0000018407564e78 00007ffb50b06abc
0x00000075855fa8a0:   00000075855fa940 0000018407564e08
0x00000075855fa8b0:   00000075855fa940 00007ffb50b0695c
0x00000075855fa8c0:   0000000000000000 0000000000018300
0x00000075855fa8d0:   0000018463e60950 0000018407565a98
0x00000075855fa8e0:   0000018408476480 00007ffb50b1aaf0
0x00000075855fa8f0:   00000075855fad20 00000075855fa940
0x00000075855fa900:   00000075855fad20 0000018407565a98
0x00000075855fa910:   00000184063b16c8 00007ffb50b1c265
0x00000075855fa920:   0000000000000001 0000000000000000
0x00000075855fa930:   00000075855faaa0 0000018408d8af98
0x00000075855fa940:   00000184071ffde0 00007ffb00000004
0x00000075855fa950:   000001840852f630 0000000000000003
0x00000075855fa960:   0000018400000020 000001840852f660 

Instructions: (pc=0x00007ffb50befb6b)
0x00007ffb50befa6b:   f8 75 f6 ff c9 41 89 4a 20 48 8b 14 ca 48 89 10
0x00007ffb50befa7b:   41 8b d3 49 8b c9 e9 aa d8 ff ff c3 cc cc cc cc
0x00007ffb50befa8b:   cc cc cc cc cc 48 89 5c 24 08 57 48 83 ec 20 65
0x00007ffb50befa9b:   48 8b 04 25 58 00 00 00 48 8b d9 8b 15 cc 7e 4d
0x00007ffb50befaab:   00 48 8b 3c d0 b8 48 00 00 00 80 3c 38 00 75 05
0x00007ffb50befabb:   e8 9c a2 1d 00 b8 18 00 00 00 48 8b 04 38 48 8b
0x00007ffb50befacb:   88 d0 04 00 00 48 8b 81 80 00 00 00 48 3b 98 d0
0x00007ffb50befadb:   02 00 00 75 15 33 c0 48 89 43 20 48 89 43 10 48
0x00007ffb50befaeb:   8b 5c 24 30 48 83 c4 20 5f c3 48 83 7b 10 00 75
0x00007ffb50befafb:   08 48 c7 43 10 ff ff ff ff 48 8b 5c 24 30 48 83
0x00007ffb50befb0b:   c4 20 5f c3 cc 8b 41 2c 83 e0 1f 3c 14 75 2d 66
0x00007ffb50befb1b:   0f 1f 44 00 00 83 79 18 02 75 21 8b 41 2c 83 e0
0x00007ffb50befb2b:   1f 3c 14 75 17 84 d2 74 06 83 79 40 00 75 0d 48
0x00007ffb50befb3b:   8b 41 08 48 8b 48 08 48 85 c9 75 d9 48 8b c1 c3
0x00007ffb50befb4b:   cc cc cc cc cc 48 89 5c 24 08 48 89 6c 24 10 48
0x00007ffb50befb5b:   89 74 24 18 57 48 83 ec 20 33 ed 48 8b f1 8b dd
0x00007ffb50befb6b:   39 59 20 76 2b 48 8b 46 10 8b d3 48 8b 3c d0 48
0x00007ffb50befb7b:   8b cf 48 8b 07 ff 50 10 84 c0 74 0d 48 3b fe 74
0x00007ffb50befb8b:   08 48 85 ed 75 22 48 8b ef ff c3 3b 5e 20 72 d5
0x00007ffb50befb9b:   48 8b c5 48 8b 5c 24 30 48 8b 6c 24 38 48 8b 74
0x00007ffb50befbab:   24 40 48 83 c4 20 5f c3 33 c0 eb e7 cc cc cc cc
0x00007ffb50befbbb:   cc cc cc cc cc 44 8b 49 18 33 c0 45 85 c9 74 25
0x00007ffb50befbcb:   4c 8b 51 10 90 44 8b c0 49 39 14 c2 74 08 ff c0
0x00007ffb50befbdb:   41 3b c1 72 f0 c3 41 8d 41 ff 89 41 18 49 8b 0c
0x00007ffb50befbeb:   c2 4b 89 0c c2 c3 cc cc cc cc cc cc cc cc cc cc
0x00007ffb50befbfb:   cc cc cc cc cc b8 02 00 00 00 f0 0f c1 05 cb e0
0x00007ffb50befc0b:   4a 00 83 c0 02 89 01 48 8b 05 b7 e0 4a 00 48 89
0x00007ffb50befc1b:   41 08 48 8b c1 c3 cc cc cc cc cc cc cc cc cc cc
0x00007ffb50befc2b:   cc cc cc cc cc 40 53 48 83 ec 20 48 8b d9 e8 32
0x00007ffb50befc3b:   df 12 00 33 c9 c7 83 90 02 00 00 ff ff ff ff 48
0x00007ffb50befc4b:   8d 05 ff cf 2e 00 48 89 8b 80 02 00 00 48 89 03
0x00007ffb50befc5b:   48 8d 05 d6 d0 2e 00 48 89 03 48 8b c3 48 89 8b 


Stack slot to memory mapping:
stack at sp + 0 slots: 0x0000018407566588 points into unknown readable memory: 0x00007ffb50e99620 | 20 96 e9 50 fb 7f 00 00
stack at sp + 1 slots: 0x00007ffb50d5796e jvm.dll
stack at sp + 2 slots: 0x0000018407565638 points into unknown readable memory: 0x00007ffb50e65bb0 | b0 5b e6 50 fb 7f 00 00
stack at sp + 3 slots: 0x00007ffb50bde607 jvm.dll
stack at sp + 4 slots: 0x0000018407564e78 points into unknown readable memory: 0x00007ffb50e50ec8 | c8 0e e5 50 fb 7f 00 00
stack at sp + 5 slots: 0x00007ffb50b06abc jvm.dll
stack at sp + 6 slots: 0x00000075855fa940 is pointing into the stack for thread: 0x00000184063ad3d0
stack at sp + 7 slots: 0x0000018407564e08 points into unknown readable memory: 0x00007ffb50e50d20 | 20 0d e5 50 fb 7f 00 00


---------------  P R O C E S S  ---------------

Threads class SMR info:
_java_thread_list=0x00000184071bbf00, length=13, elements={
0x0000018463e5b830, 0x0000018406387bf0, 0x0000018406388770, 0x000001840639ba60,
0x000001840639c320, 0x000001840639cbe0, 0x000001840639d4a0, 0x00000184063a70a0,
0x00000184063ac9b0, 0x00000184063b3e60, 0x0000018463f3e0e0, 0x0000018406e23a60,
0x00000184063ad3d0
}

Java Threads: ( => current thread )
  0x0000018463e5b830 JavaThread "main" [_thread_in_Java, id=14832, stack(0x0000007584200000,0x0000007584300000)]
  0x0000018406387bf0 JavaThread "Reference Handler" daemon [_thread_blocked, id=13012, stack(0x0000007584900000,0x0000007584a00000)]
  0x0000018406388770 JavaThread "Finalizer" daemon [_thread_blocked, id=892, stack(0x0000007584a00000,0x0000007584b00000)]
  0x000001840639ba60 JavaThread "Signal Dispatcher" daemon [_thread_blocked, id=15628, stack(0x0000007584b00000,0x0000007584c00000)]
  0x000001840639c320 JavaThread "Attach Listener" daemon [_thread_blocked, id=9048, stack(0x0000007584c00000,0x0000007584d00000)]
  0x000001840639cbe0 JavaThread "Service Thread" daemon [_thread_blocked, id=10924, stack(0x0000007584d00000,0x0000007584e00000)]
  0x000001840639d4a0 JavaThread "Monitor Deflation Thread" daemon [_thread_blocked, id=15652, stack(0x0000007584e00000,0x0000007584f00000)]
  0x00000184063a70a0 JavaThread "C2 CompilerThread0" daemon [_thread_in_native, id=232, stack(0x0000007584f00000,0x0000007585000000)]
  0x00000184063ac9b0 JavaThread "C1 CompilerThread0" daemon [_thread_blocked, id=13728, stack(0x0000007585000000,0x0000007585100000)]
  0x00000184063b3e60 JavaThread "Sweeper thread" daemon [_thread_blocked, id=236, stack(0x0000007585100000,0x0000007585200000)]
  0x0000018463f3e0e0 JavaThread "Common-Cleaner" daemon [_thread_blocked, id=12276, stack(0x0000007585200000,0x0000007585300000)]
  0x0000018406e23a60 JavaThread "Notification Thread" daemon [_thread_blocked, id=4828, stack(0x0000007585300000,0x0000007585400000)]
=>0x00000184063ad3d0 JavaThread "C2 CompilerThread1" daemon [_thread_in_native, id=5576, stack(0x0000007585500000,0x0000007585600000)]

Other Threads:
  0x00000184063801c0 VMThread "VM Thread" [stack: 0x0000007584800000,0x0000007584900000] [id=12712]
  0x0000018406e69d00 WatcherThread [stack: 0x0000007585400000,0x0000007585500000] [id=14572]
  0x0000018463eaa840 GCTaskThread "GC Thread#0" [stack: 0x0000007584300000,0x0000007584400000] [id=14828]
  0x00000184072bc4a0 GCTaskThread "GC Thread#1" [stack: 0x0000007585600000,0x0000007585700000] [id=2996]
  0x00000184071a8030 GCTaskThread "GC Thread#2" [stack: 0x0000007585700000,0x0000007585800000] [id=9316]
  0x00000184071a82e0 GCTaskThread "GC Thread#3" [stack: 0x0000007585800000,0x0000007585900000] [id=13252]
  0x0000018463ebd2a0 ConcurrentGCThread "G1 Main Marker" [stack: 0x0000007584400000,0x0000007584500000] [id=5072]
  0x0000018463ebdcb0 ConcurrentGCThread "G1 Conc#0" [stack: 0x0000007584500000,0x0000007584600000] [id=15056]
  0x00000184062520c0 ConcurrentGCThread "G1 Refine#0" [stack: 0x0000007584600000,0x0000007584700000] [id=5360]
  0x0000018407662a00 ConcurrentGCThread "G1 Refine#1" [stack: 0x0000007585900000,0x0000007585a00000] [id=15860]
  0x0000018406253900 ConcurrentGCThread "G1 Service" [stack: 0x0000007584700000,0x0000007584800000] [id=604]

Threads with active compile tasks:
C2 CompilerThread0      835 1607       4       com.sun.tools.javac.jvm.PoolReader::resolve (344 bytes)
C2 CompilerThread1      835 1730       4       Day9::createBassinOutline (220 bytes)

VM state: not at safepoint (normal execution)

VM Mutex/Monitor currently owned by a thread: None

Heap address: 0x0000000701000000, size: 4080 MB, Compressed Oops mode: Zero based, Oop shift amount: 3

CDS archive(s) mapped at: [0x0000000800000000-0x0000000800bc0000-0x0000000800bc0000), size 12320768, SharedBaseAddress: 0x0000000800000000, ArchiveRelocationMode: 0.
Compressed class space mapped at: 0x0000000800c00000-0x0000000840c00000, reserved size: 1073741824
Narrow klass base: 0x0000000800000000, Narrow klass shift: 0, Narrow klass range: 0x100000000

GC Precious Log:
 CPUs: 4 total, 4 available
 Memory: 16312M
 Large Page Support: Disabled
 NUMA Support: Disabled
 Compressed Oops: Enabled (Zero based)
 Heap Region Size: 2M
 Heap Min Capacity: 8M
 Heap Initial Capacity: 256M
 Heap Max Capacity: 4080M
 Pre-touch: Disabled
 Parallel Workers: 4
 Concurrent Workers: 1
 Concurrent Refinement Workers: 4
 Periodic GC: Disabled

Heap:
 garbage-first heap   total 262144K, used 11824K [0x0000000701000000, 0x0000000800000000)
  region size 2048K, 6 young (12288K), 1 survivors (2048K)
 Metaspace       used 10248K, committed 10496K, reserved 1064960K
  class space    used 1223K, committed 1344K, reserved 1048576K

Heap Regions: E=young(eden), S=young(survivor), O=old, HS=humongous(starts), HC=humongous(continues), CS=collection set, F=free, OA=open archive, CA=closed archive, TAMS=top-at-mark-start (previous, next)
|   0|0x0000000701000000, 0x0000000701200000, 0x0000000701200000|100%| O|  |TAMS 0x0000000701000000, 0x0000000701000000| Untracked 
|   1|0x0000000701200000, 0x000000070138c000, 0x0000000701400000| 77%| O|  |TAMS 0x0000000701200000, 0x0000000701200000| Untracked 
|   2|0x0000000701400000, 0x0000000701400000, 0x0000000701600000|  0%| F|  |TAMS 0x0000000701400000, 0x0000000701400000| Untracked 
|   3|0x0000000701600000, 0x0000000701600000, 0x0000000701800000|  0%| F|  |TAMS 0x0000000701600000, 0x0000000701600000| Untracked 
|   4|0x0000000701800000, 0x0000000701800000, 0x0000000701a00000|  0%| F|  |TAMS 0x0000000701800000, 0x0000000701800000| Untracked 
|   5|0x0000000701a00000, 0x0000000701a00000, 0x0000000701c00000|  0%| F|  |TAMS 0x0000000701a00000, 0x0000000701a00000| Untracked 
|   6|0x0000000701c00000, 0x0000000701c00000, 0x0000000701e00000|  0%| F|  |TAMS 0x0000000701c00000, 0x0000000701c00000| Untracked 
|   7|0x0000000701e00000, 0x0000000701e00000, 0x0000000702000000|  0%| F|  |TAMS 0x0000000701e00000, 0x0000000701e00000| Untracked 
|   8|0x0000000702000000, 0x0000000702000000, 0x0000000702200000|  0%| F|  |TAMS 0x0000000702000000, 0x0000000702000000| Untracked 
|   9|0x0000000702200000, 0x0000000702200000, 0x0000000702400000|  0%| F|  |TAMS 0x0000000702200000, 0x0000000702200000| Untracked 
|  10|0x0000000702400000, 0x0000000702400000, 0x0000000702600000|  0%| F|  |TAMS 0x0000000702400000, 0x0000000702400000| Untracked 
|  11|0x0000000702600000, 0x0000000702600000, 0x0000000702800000|  0%| F|  |TAMS 0x0000000702600000, 0x0000000702600000| Untracked 
|  12|0x0000000702800000, 0x0000000702800000, 0x0000000702a00000|  0%| F|  |TAMS 0x0000000702800000, 0x0000000702800000| Untracked 
|  13|0x0000000702a00000, 0x0000000702a00000, 0x0000000702c00000|  0%| F|  |TAMS 0x0000000702a00000, 0x0000000702a00000| Untracked 
|  14|0x0000000702c00000, 0x0000000702c00000, 0x0000000702e00000|  0%| F|  |TAMS 0x0000000702c00000, 0x0000000702c00000| Untracked 
|  15|0x0000000702e00000, 0x0000000702e00000, 0x0000000703000000|  0%| F|  |TAMS 0x0000000702e00000, 0x0000000702e00000| Untracked 
|  16|0x0000000703000000, 0x0000000703000000, 0x0000000703200000|  0%| F|  |TAMS 0x0000000703000000, 0x0000000703000000| Untracked 
|  17|0x0000000703200000, 0x0000000703200000, 0x0000000703400000|  0%| F|  |TAMS 0x0000000703200000, 0x0000000703200000| Untracked 
|  18|0x0000000703400000, 0x0000000703400000, 0x0000000703600000|  0%| F|  |TAMS 0x0000000703400000, 0x0000000703400000| Untracked 
|  19|0x0000000703600000, 0x0000000703600000, 0x0000000703800000|  0%| F|  |TAMS 0x0000000703600000, 0x0000000703600000| Untracked 
|  20|0x0000000703800000, 0x0000000703800000, 0x0000000703a00000|  0%| F|  |TAMS 0x0000000703800000, 0x0000000703800000| Untracked 
|  21|0x0000000703a00000, 0x0000000703a00000, 0x0000000703c00000|  0%| F|  |TAMS 0x0000000703a00000, 0x0000000703a00000| Untracked 
|  22|0x0000000703c00000, 0x0000000703c00000, 0x0000000703e00000|  0%| F|  |TAMS 0x0000000703c00000, 0x0000000703c00000| Untracked 
|  23|0x0000000703e00000, 0x0000000703e00000, 0x0000000704000000|  0%| F|  |TAMS 0x0000000703e00000, 0x0000000703e00000| Untracked 
|  24|0x0000000704000000, 0x0000000704000000, 0x0000000704200000|  0%| F|  |TAMS 0x0000000704000000, 0x0000000704000000| Untracked 
|  25|0x0000000704200000, 0x0000000704200000, 0x0000000704400000|  0%| F|  |TAMS 0x0000000704200000, 0x0000000704200000| Untracked 
|  26|0x0000000704400000, 0x0000000704400000, 0x0000000704600000|  0%| F|  |TAMS 0x0000000704400000, 0x0000000704400000| Untracked 
|  27|0x0000000704600000, 0x0000000704600000, 0x0000000704800000|  0%| F|  |TAMS 0x0000000704600000, 0x0000000704600000| Untracked 
|  28|0x0000000704800000, 0x0000000704800000, 0x0000000704a00000|  0%| F|  |TAMS 0x0000000704800000, 0x0000000704800000| Untracked 
|  29|0x0000000704a00000, 0x0000000704a00000, 0x0000000704c00000|  0%| F|  |TAMS 0x0000000704a00000, 0x0000000704a00000| Untracked 
|  30|0x0000000704c00000, 0x0000000704c00000, 0x0000000704e00000|  0%| F|  |TAMS 0x0000000704c00000, 0x0000000704c00000| Untracked 
|  31|0x0000000704e00000, 0x0000000704e00000, 0x0000000705000000|  0%| F|  |TAMS 0x0000000704e00000, 0x0000000704e00000| Untracked 
|  32|0x0000000705000000, 0x0000000705000000, 0x0000000705200000|  0%| F|  |TAMS 0x0000000705000000, 0x0000000705000000| Untracked 
|  33|0x0000000705200000, 0x0000000705200000, 0x0000000705400000|  0%| F|  |TAMS 0x0000000705200000, 0x0000000705200000| Untracked 
|  34|0x0000000705400000, 0x0000000705400000, 0x0000000705600000|  0%| F|  |TAMS 0x0000000705400000, 0x0000000705400000| Untracked 
|  35|0x0000000705600000, 0x0000000705600000, 0x0000000705800000|  0%| F|  |TAMS 0x0000000705600000, 0x0000000705600000| Untracked 
|  36|0x0000000705800000, 0x0000000705800000, 0x0000000705a00000|  0%| F|  |TAMS 0x0000000705800000, 0x0000000705800000| Untracked 
|  37|0x0000000705a00000, 0x0000000705a00000, 0x0000000705c00000|  0%| F|  |TAMS 0x0000000705a00000, 0x0000000705a00000| Untracked 
|  38|0x0000000705c00000, 0x0000000705c00000, 0x0000000705e00000|  0%| F|  |TAMS 0x0000000705c00000, 0x0000000705c00000| Untracked 
|  39|0x0000000705e00000, 0x0000000705e00000, 0x0000000706000000|  0%| F|  |TAMS 0x0000000705e00000, 0x0000000705e00000| Untracked 
|  40|0x0000000706000000, 0x0000000706000000, 0x0000000706200000|  0%| F|  |TAMS 0x0000000706000000, 0x0000000706000000| Untracked 
|  41|0x0000000706200000, 0x0000000706200000, 0x0000000706400000|  0%| F|  |TAMS 0x0000000706200000, 0x0000000706200000| Untracked 
|  42|0x0000000706400000, 0x0000000706400000, 0x0000000706600000|  0%| F|  |TAMS 0x0000000706400000, 0x0000000706400000| Untracked 
|  43|0x0000000706600000, 0x0000000706600000, 0x0000000706800000|  0%| F|  |TAMS 0x0000000706600000, 0x0000000706600000| Untracked 
|  44|0x0000000706800000, 0x0000000706800000, 0x0000000706a00000|  0%| F|  |TAMS 0x0000000706800000, 0x0000000706800000| Untracked 
|  45|0x0000000706a00000, 0x0000000706a00000, 0x0000000706c00000|  0%| F|  |TAMS 0x0000000706a00000, 0x0000000706a00000| Untracked 
|  46|0x0000000706c00000, 0x0000000706c00000, 0x0000000706e00000|  0%| F|  |TAMS 0x0000000706c00000, 0x0000000706c00000| Untracked 
|  47|0x0000000706e00000, 0x0000000706e00000, 0x0000000707000000|  0%| F|  |TAMS 0x0000000706e00000, 0x0000000706e00000| Untracked 
|  48|0x0000000707000000, 0x0000000707000000, 0x0000000707200000|  0%| F|  |TAMS 0x0000000707000000, 0x0000000707000000| Untracked 
|  49|0x0000000707200000, 0x0000000707200000, 0x0000000707400000|  0%| F|  |TAMS 0x0000000707200000, 0x0000000707200000| Untracked 
|  50|0x0000000707400000, 0x0000000707400000, 0x0000000707600000|  0%| F|  |TAMS 0x0000000707400000, 0x0000000707400000| Untracked 
|  51|0x0000000707600000, 0x0000000707600000, 0x0000000707800000|  0%| F|  |TAMS 0x0000000707600000, 0x0000000707600000| Untracked 
|  52|0x0000000707800000, 0x0000000707800000, 0x0000000707a00000|  0%| F|  |TAMS 0x0000000707800000, 0x0000000707800000| Untracked 
|  53|0x0000000707a00000, 0x0000000707a00000, 0x0000000707c00000|  0%| F|  |TAMS 0x0000000707a00000, 0x0000000707a00000| Untracked 
|  54|0x0000000707c00000, 0x0000000707c00000, 0x0000000707e00000|  0%| F|  |TAMS 0x0000000707c00000, 0x0000000707c00000| Untracked 
|  55|0x0000000707e00000, 0x0000000707e00000, 0x0000000708000000|  0%| F|  |TAMS 0x0000000707e00000, 0x0000000707e00000| Untracked 
|  56|0x0000000708000000, 0x0000000708000000, 0x0000000708200000|  0%| F|  |TAMS 0x0000000708000000, 0x0000000708000000| Untracked 
|  57|0x0000000708200000, 0x0000000708200000, 0x0000000708400000|  0%| F|  |TAMS 0x0000000708200000, 0x0000000708200000| Untracked 
|  58|0x0000000708400000, 0x0000000708400000, 0x0000000708600000|  0%| F|  |TAMS 0x0000000708400000, 0x0000000708400000| Untracked 
|  59|0x0000000708600000, 0x0000000708600000, 0x0000000708800000|  0%| F|  |TAMS 0x0000000708600000, 0x0000000708600000| Untracked 
|  60|0x0000000708800000, 0x0000000708800000, 0x0000000708a00000|  0%| F|  |TAMS 0x0000000708800000, 0x0000000708800000| Untracked 
|  61|0x0000000708a00000, 0x0000000708a00000, 0x0000000708c00000|  0%| F|  |TAMS 0x0000000708a00000, 0x0000000708a00000| Untracked 
|  62|0x0000000708c00000, 0x0000000708c00000, 0x0000000708e00000|  0%| F|  |TAMS 0x0000000708c00000, 0x0000000708c00000| Untracked 
|  63|0x0000000708e00000, 0x0000000708e00000, 0x0000000709000000|  0%| F|  |TAMS 0x0000000708e00000, 0x0000000708e00000| Untracked 
|  64|0x0000000709000000, 0x0000000709000000, 0x0000000709200000|  0%| F|  |TAMS 0x0000000709000000, 0x0000000709000000| Untracked 
|  65|0x0000000709200000, 0x0000000709200000, 0x0000000709400000|  0%| F|  |TAMS 0x0000000709200000, 0x0000000709200000| Untracked 
|  66|0x0000000709400000, 0x0000000709400000, 0x0000000709600000|  0%| F|  |TAMS 0x0000000709400000, 0x0000000709400000| Untracked 
|  67|0x0000000709600000, 0x0000000709600000, 0x0000000709800000|  0%| F|  |TAMS 0x0000000709600000, 0x0000000709600000| Untracked 
|  68|0x0000000709800000, 0x0000000709800000, 0x0000000709a00000|  0%| F|  |TAMS 0x0000000709800000, 0x0000000709800000| Untracked 
|  69|0x0000000709a00000, 0x0000000709a00000, 0x0000000709c00000|  0%| F|  |TAMS 0x0000000709a00000, 0x0000000709a00000| Untracked 
|  70|0x0000000709c00000, 0x0000000709c00000, 0x0000000709e00000|  0%| F|  |TAMS 0x0000000709c00000, 0x0000000709c00000| Untracked 
|  71|0x0000000709e00000, 0x0000000709e00000, 0x000000070a000000|  0%| F|  |TAMS 0x0000000709e00000, 0x0000000709e00000| Untracked 
|  72|0x000000070a000000, 0x000000070a000000, 0x000000070a200000|  0%| F|  |TAMS 0x000000070a000000, 0x000000070a000000| Untracked 
|  73|0x000000070a200000, 0x000000070a200000, 0x000000070a400000|  0%| F|  |TAMS 0x000000070a200000, 0x000000070a200000| Untracked 
|  74|0x000000070a400000, 0x000000070a400000, 0x000000070a600000|  0%| F|  |TAMS 0x000000070a400000, 0x000000070a400000| Untracked 
|  75|0x000000070a600000, 0x000000070a600000, 0x000000070a800000|  0%| F|  |TAMS 0x000000070a600000, 0x000000070a600000| Untracked 
|  76|0x000000070a800000, 0x000000070a800000, 0x000000070aa00000|  0%| F|  |TAMS 0x000000070a800000, 0x000000070a800000| Untracked 
|  77|0x000000070aa00000, 0x000000070aa00000, 0x000000070ac00000|  0%| F|  |TAMS 0x000000070aa00000, 0x000000070aa00000| Untracked 
|  78|0x000000070ac00000, 0x000000070ac00000, 0x000000070ae00000|  0%| F|  |TAMS 0x000000070ac00000, 0x000000070ac00000| Untracked 
|  79|0x000000070ae00000, 0x000000070ae00000, 0x000000070b000000|  0%| F|  |TAMS 0x000000070ae00000, 0x000000070ae00000| Untracked 
|  80|0x000000070b000000, 0x000000070b000000, 0x000000070b200000|  0%| F|  |TAMS 0x000000070b000000, 0x000000070b000000| Untracked 
|  81|0x000000070b200000, 0x000000070b200000, 0x000000070b400000|  0%| F|  |TAMS 0x000000070b200000, 0x000000070b200000| Untracked 
|  82|0x000000070b400000, 0x000000070b400000, 0x000000070b600000|  0%| F|  |TAMS 0x000000070b400000, 0x000000070b400000| Untracked 
|  83|0x000000070b600000, 0x000000070b600000, 0x000000070b800000|  0%| F|  |TAMS 0x000000070b600000, 0x000000070b600000| Untracked 
|  84|0x000000070b800000, 0x000000070b800000, 0x000000070ba00000|  0%| F|  |TAMS 0x000000070b800000, 0x000000070b800000| Untracked 
|  85|0x000000070ba00000, 0x000000070ba00000, 0x000000070bc00000|  0%| F|  |TAMS 0x000000070ba00000, 0x000000070ba00000| Untracked 
|  86|0x000000070bc00000, 0x000000070bc00000, 0x000000070be00000|  0%| F|  |TAMS 0x000000070bc00000, 0x000000070bc00000| Untracked 
|  87|0x000000070be00000, 0x000000070be00000, 0x000000070c000000|  0%| F|  |TAMS 0x000000070be00000, 0x000000070be00000| Untracked 
|  88|0x000000070c000000, 0x000000070c000000, 0x000000070c200000|  0%| F|  |TAMS 0x000000070c000000, 0x000000070c000000| Untracked 
|  89|0x000000070c200000, 0x000000070c200000, 0x000000070c400000|  0%| F|  |TAMS 0x000000070c200000, 0x000000070c200000| Untracked 
|  90|0x000000070c400000, 0x000000070c400000, 0x000000070c600000|  0%| F|  |TAMS 0x000000070c400000, 0x000000070c400000| Untracked 
|  91|0x000000070c600000, 0x000000070c600000, 0x000000070c800000|  0%| F|  |TAMS 0x000000070c600000, 0x000000070c600000| Untracked 
|  92|0x000000070c800000, 0x000000070c800000, 0x000000070ca00000|  0%| F|  |TAMS 0x000000070c800000, 0x000000070c800000| Untracked 
|  93|0x000000070ca00000, 0x000000070ca00000, 0x000000070cc00000|  0%| F|  |TAMS 0x000000070ca00000, 0x000000070ca00000| Untracked 
|  94|0x000000070cc00000, 0x000000070cc00000, 0x000000070ce00000|  0%| F|  |TAMS 0x000000070cc00000, 0x000000070cc00000| Untracked 
|  95|0x000000070ce00000, 0x000000070ce00000, 0x000000070d000000|  0%| F|  |TAMS 0x000000070ce00000, 0x000000070ce00000| Untracked 
|  96|0x000000070d000000, 0x000000070d000000, 0x000000070d200000|  0%| F|  |TAMS 0x000000070d000000, 0x000000070d000000| Untracked 
|  97|0x000000070d200000, 0x000000070d200000, 0x000000070d400000|  0%| F|  |TAMS 0x000000070d200000, 0x000000070d200000| Untracked 
|  98|0x000000070d400000, 0x000000070d400000, 0x000000070d600000|  0%| F|  |TAMS 0x000000070d400000, 0x000000070d400000| Untracked 
|  99|0x000000070d600000, 0x000000070d600000, 0x000000070d800000|  0%| F|  |TAMS 0x000000070d600000, 0x000000070d600000| Untracked 
| 100|0x000000070d800000, 0x000000070d800000, 0x000000070da00000|  0%| F|  |TAMS 0x000000070d800000, 0x000000070d800000| Untracked 
| 101|0x000000070da00000, 0x000000070da00000, 0x000000070dc00000|  0%| F|  |TAMS 0x000000070da00000, 0x000000070da00000| Untracked 
| 102|0x000000070dc00000, 0x000000070dc00000, 0x000000070de00000|  0%| F|  |TAMS 0x000000070dc00000, 0x000000070dc00000| Untracked 
| 103|0x000000070de00000, 0x000000070de00000, 0x000000070e000000|  0%| F|  |TAMS 0x000000070de00000, 0x000000070de00000| Untracked 
| 104|0x000000070e000000, 0x000000070e000000, 0x000000070e200000|  0%| F|  |TAMS 0x000000070e000000, 0x000000070e000000| Untracked 
| 105|0x000000070e200000, 0x000000070e200000, 0x000000070e400000|  0%| F|  |TAMS 0x000000070e200000, 0x000000070e200000| Untracked 
| 106|0x000000070e400000, 0x000000070e400000, 0x000000070e600000|  0%| F|  |TAMS 0x000000070e400000, 0x000000070e400000| Untracked 
| 107|0x000000070e600000, 0x000000070e600000, 0x000000070e800000|  0%| F|  |TAMS 0x000000070e600000, 0x000000070e600000| Untracked 
| 108|0x000000070e800000, 0x000000070e800000, 0x000000070ea00000|  0%| F|  |TAMS 0x000000070e800000, 0x000000070e800000| Untracked 
| 109|0x000000070ea00000, 0x000000070ea00000, 0x000000070ec00000|  0%| F|  |TAMS 0x000000070ea00000, 0x000000070ea00000| Untracked 
| 110|0x000000070ec00000, 0x000000070ec00000, 0x000000070ee00000|  0%| F|  |TAMS 0x000000070ec00000, 0x000000070ec00000| Untracked 
| 111|0x000000070ee00000, 0x000000070ee00000, 0x000000070f000000|  0%| F|  |TAMS 0x000000070ee00000, 0x000000070ee00000| Untracked 
| 112|0x000000070f000000, 0x000000070f000000, 0x000000070f200000|  0%| F|  |TAMS 0x000000070f000000, 0x000000070f000000| Untracked 
| 113|0x000000070f200000, 0x000000070f200000, 0x000000070f400000|  0%| F|  |TAMS 0x000000070f200000, 0x000000070f200000| Untracked 
| 114|0x000000070f400000, 0x000000070f400000, 0x000000070f600000|  0%| F|  |TAMS 0x000000070f400000, 0x000000070f400000| Untracked 
| 115|0x000000070f600000, 0x000000070f600000, 0x000000070f800000|  0%| F|  |TAMS 0x000000070f600000, 0x000000070f600000| Untracked 
| 116|0x000000070f800000, 0x000000070f800000, 0x000000070fa00000|  0%| F|  |TAMS 0x000000070f800000, 0x000000070f800000| Untracked 
| 117|0x000000070fa00000, 0x000000070fa00000, 0x000000070fc00000|  0%| F|  |TAMS 0x000000070fa00000, 0x000000070fa00000| Untracked 
| 118|0x000000070fc00000, 0x000000070fc00000, 0x000000070fe00000|  0%| F|  |TAMS 0x000000070fc00000, 0x000000070fc00000| Untracked 
| 119|0x000000070fe00000, 0x000000070fe00000, 0x0000000710000000|  0%| F|  |TAMS 0x000000070fe00000, 0x000000070fe00000| Untracked 
| 120|0x0000000710000000, 0x0000000710000000, 0x0000000710200000|  0%| F|  |TAMS 0x0000000710000000, 0x0000000710000000| Untracked 
| 121|0x0000000710200000, 0x0000000710200000, 0x0000000710400000|  0%| F|  |TAMS 0x0000000710200000, 0x0000000710200000| Untracked 
| 122|0x0000000710400000, 0x0000000710600000, 0x0000000710600000|100%| S|CS|TAMS 0x0000000710400000, 0x0000000710400000| Complete 
| 123|0x0000000710600000, 0x00000007106eece8, 0x0000000710800000| 46%| E|  |TAMS 0x0000000710600000, 0x0000000710600000| Complete 
| 124|0x0000000710800000, 0x0000000710a00000, 0x0000000710a00000|100%| E|  |TAMS 0x0000000710800000, 0x0000000710800000| Complete 
| 125|0x0000000710a00000, 0x0000000710c00000, 0x0000000710c00000|100%| E|CS|TAMS 0x0000000710a00000, 0x0000000710a00000| Complete 
| 126|0x0000000710c00000, 0x0000000710e00000, 0x0000000710e00000|100%| E|CS|TAMS 0x0000000710c00000, 0x0000000710c00000| Complete 
| 127|0x0000000710e00000, 0x0000000711000000, 0x0000000711000000|100%| E|CS|TAMS 0x0000000710e00000, 0x0000000710e00000| Complete 

Card table byte_map: [0x000001847ae70000,0x000001847b670000] _byte_map_base: 0x0000018477668000

Marking Bits (Prev, Next): (CMBitMap*) 0x0000018463eac260, (CMBitMap*) 0x0000018463eac2a0
 Prev Bits: [0x000001847be70000, 0x000001847fe30000)
 Next Bits: [0x0000018400000000, 0x0000018403fc0000)

Polling page: 0x0000018461cc0000

Metaspace:

Usage:
  Non-class:      8.81 MB used.
      Class:      1.19 MB used.
       Both:     10.01 MB used.

Virtual space:
  Non-class space:       16.00 MB reserved,       8.94 MB ( 56%) committed,  2 nodes.
      Class space:        1.00 GB reserved,       1.31 MB ( <1%) committed,  1 nodes.
             Both:        1.02 GB reserved,      10.25 MB ( <1%) committed. 

Chunk freelists:
   Non-Class:  978.00 KB
       Class:  2.68 MB
        Both:  3.63 MB

MaxMetaspaceSize: unlimited
CompressedClassSpaceSize: 1.00 GB
Initial GC threshold: 21.00 MB
Current GC threshold: 21.00 MB
CDS: on
MetaspaceReclaimPolicy: balanced
 - commit_granule_bytes: 65536.
 - commit_granule_words: 8192.
 - virtual_space_node_default_size: 1048576.
 - enlarge_chunks_in_place: 1.
 - new_chunks_are_fully_committed: 0.
 - uncommit_free_chunks: 1.
 - use_allocation_guard: 0.
 - handle_deallocations: 1.


Internal statistics:

num_allocs_failed_limit: 0.
num_arena_births: 122.
num_arena_deaths: 0.
num_vsnodes_births: 3.
num_vsnodes_deaths: 0.
num_space_committed: 164.
num_space_uncommitted: 0.
num_chunks_returned_to_freelist: 0.
num_chunks_taken_from_freelist: 482.
num_chunk_merges: 0.
num_chunk_splits: 333.
num_chunks_enlarged: 261.
num_purges: 0.
num_inconsistent_stats: 0.

CodeHeap 'non-profiled nmethods': size=120000Kb used=570Kb max_used=570Kb free=119429Kb
 bounds [0x0000018473140000, 0x00000184733b0000, 0x000001847a670000]
CodeHeap 'profiled nmethods': size=120000Kb used=3187Kb max_used=3187Kb free=116812Kb
 bounds [0x000001846bc10000, 0x000001846bf30000, 0x0000018473140000]
CodeHeap 'non-nmethods': size=5760Kb used=1148Kb max_used=1199Kb free=4611Kb
 bounds [0x000001846b670000, 0x000001846b8e0000, 0x000001846bc10000]
 total_blobs=2158 nmethods=1728 adapters=342
 compilation: enabled
              stopped_count=0, restarted_count=0
 full_count=0

Compilation events (20 events):
Event: 0.773 Thread 0x00000184063ad3d0 nmethod 1608 0x00000184731c2c10 code [0x00000184731c2e00, 0x00000184731c3c50]
Event: 0.773 Thread 0x00000184063ad3d0 1615       4       com.sun.tools.javac.util.ListBuffer::<init> (9 bytes)
Event: 0.775 Thread 0x00000184063ad3d0 nmethod 1615 0x00000184731c4310 code [0x00000184731c4480, 0x00000184731c4638]
Event: 0.775 Thread 0x00000184063ad3d0 1610       4       com.sun.tools.javac.code.Symtab::getClass (42 bytes)
Event: 0.776 Thread 0x00000184063a70a0 nmethod 1605 0x00000184731c4690 code [0x00000184731c4b60, 0x00000184731c9bd8]
Event: 0.776 Thread 0x00000184063a70a0 1609       4       com.sun.tools.javac.util.Name::subName (28 bytes)
Event: 0.777 Thread 0x00000184063a70a0 nmethod 1609 0x00000184731cc690 code [0x00000184731cc820, 0x00000184731cc8e8]
Event: 0.777 Thread 0x00000184063a70a0 1607       4       com.sun.tools.javac.jvm.PoolReader::resolve (344 bytes)
Event: 0.781 Thread 0x00000184063ad3d0 nmethod 1610 0x00000184731cca10 code [0x00000184731ccbe0, 0x00000184731cd128]
Event: 0.782 Thread 0x00000184063ad3d0 1614       4       com.sun.tools.javac.util.ListBuffer::append (66 bytes)
Event: 0.785 Thread 0x00000184063ad3d0 nmethod 1614 0x00000184731cd690 code [0x00000184731cd820, 0x00000184731cdce8]
Event: 0.785 Thread 0x00000184063ad3d0 1649       4       com.sun.tools.javac.util.Names::fromUtf (11 bytes)
Event: 0.785 Thread 0x00000184063ad3d0 nmethod 1649 0x00000184731cde10 code [0x00000184731cdfa0, 0x00000184731ce068]
Event: 0.785 Thread 0x00000184063ad3d0 1620       4       com.sun.tools.javac.tree.JCTree$JCIdent::getTag (4 bytes)
Event: 0.785 Thread 0x00000184063ad3d0 nmethod 1620 0x00000184731ce190 code [0x00000184731ce300, 0x00000184731ce378]
Event: 0.785 Thread 0x00000184063ad3d0 1629       4       com.sun.tools.javac.tree.JCTree$JCFieldAccess::getTag (4 bytes)
Event: 0.786 Thread 0x00000184063ad3d0 nmethod 1629 0x00000184731ce490 code [0x00000184731ce600, 0x00000184731ce678]
Event: 0.786 Thread 0x00000184063ad3d0 1729 %     4       Day9::createBassinOutline @ 201 (220 bytes)
Event: 0.786 Thread 0x00000184063ad3d0 nmethod 1729% 0x00000184731ce790 code [0x00000184731ce920, 0x00000184731cea38]
Event: 0.786 Thread 0x00000184063ad3d0 1730       4       Day9::createBassinOutline (220 bytes)

GC Heap History (4 events):
Event: 0.402 GC heap before
{Heap before GC invocations=0 (full 0):
 garbage-first heap   total 262144K, used 12288K [0x0000000701000000, 0x0000000800000000)
  region size 2048K, 6 young (12288K), 0 survivors (0K)
 Metaspace       used 8128K, committed 8320K, reserved 1064960K
  class space    used 953K, committed 1088K, reserved 1048576K
}
Event: 0.407 GC heap after
{Heap after GC invocations=1 (full 0):
 garbage-first heap   total 262144K, used 3648K [0x0000000701000000, 0x0000000800000000)
  region size 2048K, 1 young (2048K), 1 survivors (2048K)
 Metaspace       used 8128K, committed 8320K, reserved 1064960K
  class space    used 953K, committed 1088K, reserved 1048576K
}
Event: 0.475 GC heap before
{Heap before GC invocations=1 (full 0):
 garbage-first heap   total 262144K, used 13888K [0x0000000701000000, 0x0000000800000000)
  region size 2048K, 6 young (12288K), 1 survivors (2048K)
 Metaspace       used 8508K, committed 8704K, reserved 1064960K
  class space    used 991K, committed 1088K, reserved 1048576K
}
Event: 0.480 GC heap after
{Heap after GC invocations=2 (full 0):
 garbage-first heap   total 262144K, used 5680K [0x0000000701000000, 0x0000000800000000)
  region size 2048K, 1 young (2048K), 1 survivors (2048K)
 Metaspace       used 8508K, committed 8704K, reserved 1064960K
  class space    used 991K, committed 1088K, reserved 1048576K
}

Deoptimization events (20 events):
Event: 0.662 Thread 0x0000018463e5b830 DEOPT PACKING pc=0x0000018473163838 sp=0x00000075842fe4a0
Event: 0.662 Thread 0x0000018463e5b830 DEOPT UNPACKING pc=0x000001846b6c23a3 sp=0x00000075842fe390 mode 2
Event: 0.662 Thread 0x0000018463e5b830 Uncommon trap: trap_request=0xffffff45 fr.pc=0x0000018473189cf4 relative=0x00000000000003d4
Event: 0.662 Thread 0x0000018463e5b830 Uncommon trap: reason=unstable_if action=reinterpret pc=0x0000018473189cf4 method=java.lang.AbstractStringBuilder.isLatin1()Z @ 10 c2
Event: 0.662 Thread 0x0000018463e5b830 DEOPT PACKING pc=0x0000018473189cf4 sp=0x00000075842fe520
Event: 0.662 Thread 0x0000018463e5b830 DEOPT UNPACKING pc=0x000001846b6c23a3 sp=0x00000075842fe4a0 mode 2
Event: 0.662 Thread 0x0000018463e5b830 Uncommon trap: trap_request=0xffffff45 fr.pc=0x0000018473182a84 relative=0x0000000000000084
Event: 0.662 Thread 0x0000018463e5b830 Uncommon trap: reason=unstable_if action=reinterpret pc=0x0000018473182a84 method=java.lang.String.codePointAt(I)I @ 4 c2
Event: 0.662 Thread 0x0000018463e5b830 DEOPT PACKING pc=0x0000018473182a84 sp=0x00000075842fe530
Event: 0.662 Thread 0x0000018463e5b830 DEOPT UNPACKING pc=0x000001846b6c23a3 sp=0x00000075842fe4d8 mode 2
Event: 0.663 Thread 0x0000018463e5b830 Uncommon trap: trap_request=0xffffff45 fr.pc=0x000001847319531c relative=0x00000000000008bc
Event: 0.663 Thread 0x0000018463e5b830 Uncommon trap: reason=unstable_if action=reinterpret pc=0x000001847319531c method=java.util.regex.Pattern.atom()Ljava/util/regex/Pattern$Node; @ 14 c2
Event: 0.663 Thread 0x0000018463e5b830 DEOPT PACKING pc=0x000001847319531c sp=0x00000075842fe090
Event: 0.663 Thread 0x0000018463e5b830 DEOPT UNPACKING pc=0x000001846b6c23a3 sp=0x00000075842fe018 mode 2
Event: 0.663 Thread 0x0000018463e5b830 Uncommon trap: trap_request=0xffffff45 fr.pc=0x000001847318e388 relative=0x00000000000001e8
Event: 0.663 Thread 0x0000018463e5b830 Uncommon trap: reason=unstable_if action=reinterpret pc=0x000001847318e388 method=java.util.regex.Matcher.reset()Ljava/util/regex/Matcher; @ 47 c2
Event: 0.663 Thread 0x0000018463e5b830 DEOPT PACKING pc=0x000001847318e388 sp=0x00000075842fe5e0
Event: 0.663 Thread 0x0000018463e5b830 DEOPT UNPACKING pc=0x000001846b6c23a3 sp=0x00000075842fe570 mode 2
Event: 0.786 Thread 0x0000018463e5b830 DEOPT PACKING pc=0x000001846bf2a625 sp=0x00000075842fe4c0
Event: 0.786 Thread 0x0000018463e5b830 DEOPT UNPACKING pc=0x000001846b6c2b43 sp=0x00000075842fdb88 mode 0

Classes unloaded (0 events):
No events

Classes redefined (0 events):
No events

Internal exceptions (20 events):
Event: 0.358 Thread 0x0000018463e5b830 Exception <a 'sun/nio/fs/WindowsException'{0x00000007109c2688}> (0x00000007109c2688) 
thrown [t:\workspace\open\src\hotspot\share\prims\jni.cpp, line 516]
Event: 0.391 Thread 0x0000018463e5b830 Exception <a 'java/lang/NoSuchMethodError'{0x0000000710450c50}: 'int java.lang.invoke.DirectMethodHandle$Holder.invokeSpecial(java.lang.Object, java.lang.Object, java.lang.Object)'> (0x0000000710450c50) 
thrown [t:\workspace\open\src\hotspot\share\interpreter\linkResolver.cpp, line 766]
Event: 0.393 Thread 0x0000018463e5b830 Exception <a 'sun/nio/fs/WindowsException'{0x000000071045aa48}> (0x000000071045aa48) 
thrown [t:\workspace\open\src\hotspot\share\prims\jni.cpp, line 516]
Event: 0.393 Thread 0x0000018463e5b830 Exception <a 'sun/nio/fs/WindowsException'{0x000000071045ace0}> (0x000000071045ace0) 
thrown [t:\workspace\open\src\hotspot\share\prims\jni.cpp, line 516]
Event: 0.419 Thread 0x0000018463e5b830 Exception <a 'java/lang/NoSuchMethodError'{0x0000000710d342a8}: 'java.lang.Object java.lang.invoke.DirectMethodHandle$Holder.invokeStatic(java.lang.Object, java.lang.Object, int, int)'> (0x0000000710d342a8) 
thrown [t:\workspace\open\src\hotspot\share\interpreter\linkResolver.cpp, line 766]
Event: 0.462 Thread 0x0000018463e5b830 Exception <a 'java/lang/NoSuchMethodError'{0x0000000710764040}: 'java.lang.Object java.lang.invoke.DirectMethodHandle$Holder.invokeInterface(java.lang.Object, java.lang.Object)'> (0x0000000710764040) 
thrown [t:\workspace\open\src\hotspot\share\interpreter\linkResolver.cpp, line 766]
Event: 0.493 Thread 0x0000018463e5b830 Exception <a 'java/lang/NoSuchMethodError'{0x0000000710e3f338}: 'int java.lang.invoke.DirectMethodHandle$Holder.invokeVirtual(java.lang.Object, java.lang.Object, java.lang.Object, java.lang.Object)'> (0x0000000710e3f338) 
thrown [t:\workspace\open\src\hotspot\share\interpreter\linkResolver.cpp, line 766]
Event: 0.494 Thread 0x0000018463e5b830 Exception <a 'java/lang/NoSuchMethodError'{0x0000000710e4a6c8}: 'java.lang.Object java.lang.invoke.DirectMethodHandle$Holder.newInvokeSpecial(java.lang.Object, java.lang.Object, int, java.lang.Object)'> (0x0000000710e4a6c8) 
thrown [t:\workspace\open\src\hotspot\share\interpreter\linkResolver.cpp, line 766]
Event: 0.495 Thread 0x0000018463e5b830 Exception <a 'java/lang/NoSuchMethodError'{0x0000000710e4ed50}: 'java.lang.Object java.lang.invoke.DirectMethodHandle$Holder.invokeSpecial(java.lang.Object, java.lang.Object, java.lang.Object, int, java.lang.Object)'> (0x0000000710e4ed50) 
thrown [t:\workspace\open\src\hotspot\share\interpreter\linkResolver.cpp, line 766]
Event: 0.503 Thread 0x0000018463e5b830 Exception <a 'java/lang/NoSuchMethodError'{0x0000000710ea4a28}: 'int java.lang.invoke.DirectMethodHandle$Holder.invokeStatic(java.lang.Object, java.lang.Object, java.lang.Object, java.lang.Object)'> (0x0000000710ea4a28) 
thrown [t:\workspace\open\src\hotspot\share\interpreter\linkResolver.cpp, line 766]
Event: 0.542 Thread 0x0000018463e5b830 Exception <a 'java/lang/NoSuchMethodError'{0x0000000710a349a0}: 'java.lang.Object java.lang.invoke.DirectMethodHandle$Holder.newInvokeSpecial(java.lang.Object, java.lang.Object, java.lang.Object, java.lang.Object, java.lang.Object, java.lang.Object, java.lang.Object, java.lang.Object)'> (0x0000000710a349a0) 
thrown [t:\workspace\open\src\hotspot\share\interpreter\linkResolver.cpp, line 766]
Event: 0.543 Thread 0x0000018463e5b830 Exception <a 'java/lang/NoSuchMethodError'{0x0000000710a39e18}: 'java.lang.Object java.lang.invoke.DirectMethodHandle$Holder.invokeSpecial(java.lang.Object, java.lang.Object, java.lang.Object, java.lang.Object, java.lang.Object, java.lang.Object, java.lang.Object, java.lang.Object, java.lang.Object)'> (0x0000000710a39e18) 
thrown [t:\workspace\open\src\hotspot\share\interpreter\linkResolver.cpp, line 766]
Event: 0.543 Thread 0x0000018463e5b830 Exception <a 'java/lang/NoSuchMethodError'{0x0000000710a3eff0}: 'java.lang.Object java.lang.invoke.Invokers$Holder.linkToTargetMethod(java.lang.Object, java.lang.Object, java.lang.Object, java.lang.Object, java.lang.Object, java.lang.Object, java.lang.Object, java.lang.Object)'> (0x0000000710a3eff0) 
thrown [t:\workspace\open\src\hotspot\share\interpreter\linkResolver.cpp, line 766]
Event: 0.548 Thread 0x0000018463e5b830 Exception <a 'java/lang/NoSuchMethodError'{0x0000000710a75c10}: 'java.lang.Object java.lang.invoke.DirectMethodHandle$Holder.newInvokeSpecial(java.lang.Object, java.lang.Object, java.lang.Object, java.lang.Object, java.lang.Object, java.lang.Object, java.lang.Object)'> (0x0000000710a75c10) 
thrown [t:\workspace\open\src\hotspot\share\interpreter\linkResolver.cpp, line 766]
Event: 0.548 Thread 0x0000018463e5b830 Exception <a 'java/lang/NoSuchMethodError'{0x0000000710a7a638}: 'java.lang.Object java.lang.invoke.Invokers$Holder.linkToTargetMethod(java.lang.Object, java.lang.Object, java.lang.Object, java.lang.Object, java.lang.Object, java.lang.Object, java.lang.Object)'> (0x0000000710a7a638) 
thrown [t:\workspace\open\src\hotspot\share\interpreter\linkResolver.cpp, line 766]
Event: 0.556 Thread 0x0000018463e5b830 Exception <a 'java/lang/NoSuchMethodError'{0x0000000710ac3a88}: 'java.lang.Object java.lang.invoke.DirectMethodHandle$Holder.newInvokeSpecial(java.lang.Object, java.lang.Object, java.lang.Object, java.lang.Object, java.lang.Object, java.lang.Object, java.lang.Object, int)'> (0x0000000710ac3a88) 
thrown [t:\workspace\open\src\hotspot\share\interpreter\linkResolver.cpp, line 766]
Event: 0.557 Thread 0x0000018463e5b830 Exception <a 'java/lang/NoSuchMethodError'{0x0000000710ac9328}: 'java.lang.Object java.lang.invoke.DirectMethodHandle$Holder.invokeSpecial(java.lang.Object, java.lang.Object, java.lang.Object, java.lang.Object, java.lang.Object, java.lang.Object, java.lang.Object, java.lang.Object, int)'> (0x0000000710ac9328) 
thrown [t:\workspace\open\src\hotspot\share\interpreter\linkResolver.cpp, line 766]
Event: 0.564 Thread 0x0000018463e5b830 Exception <a 'java/lang/NoSuchMethodError'{0x0000000710b01b80}: 'void java.lang.invoke.DirectMethodHandle$Holder.invokeVirtual(java.lang.Object, java.lang.Object)'> (0x0000000710b01b80) 
thrown [t:\workspace\open\src\hotspot\share\interpreter\linkResolver.cpp, line 766]
Event: 0.620 Thread 0x0000018463e5b830 Implicit null exception at 0x0000018473184b10 to 0x000001847318504c
Event: 0.620 Thread 0x0000018463e5b830 Implicit null exception at 0x000001847317a690 to 0x000001847317abbc

VM Operations (20 events):
Event: 0.046 Executing VM operation: HandshakeAllThreads
Event: 0.046 Executing VM operation: HandshakeAllThreads done
Event: 0.151 Executing VM operation: HandshakeAllThreads
Event: 0.151 Executing VM operation: HandshakeAllThreads done
Event: 0.297 Executing VM operation: HandshakeAllThreads
Event: 0.297 Executing VM operation: HandshakeAllThreads done
Event: 0.305 Executing VM operation: HandshakeAllThreads
Event: 0.305 Executing VM operation: HandshakeAllThreads done
Event: 0.311 Executing VM operation: HandshakeAllThreads
Event: 0.311 Executing VM operation: HandshakeAllThreads done
Event: 0.402 Executing VM operation: G1CollectForAllocation
Event: 0.407 Executing VM operation: G1CollectForAllocation done
Event: 0.475 Executing VM operation: G1CollectForAllocation
Event: 0.480 Executing VM operation: G1CollectForAllocation done
Event: 0.583 Executing VM operation: ICBufferFull
Event: 0.583 Executing VM operation: ICBufferFull done
Event: 0.628 Executing VM operation: ICBufferFull
Event: 0.628 Executing VM operation: ICBufferFull done
Event: 0.661 Executing VM operation: HandshakeAllThreads
Event: 0.661 Executing VM operation: HandshakeAllThreads done

Events (20 events):
Event: 0.650 loading class java/util/Scanner
Event: 0.650 loading class java/util/Scanner done
Event: 0.652 loading class java/util/Scanner$PatternLRUCache
Event: 0.652 loading class java/util/Scanner$PatternLRUCache done
Event: 0.657 loading class sun/util/resources/LocaleData$CommonResourceBundleProvider
Event: 0.657 loading class sun/util/resources/LocaleData$LocaleDataResourceBundleProvider
Event: 0.657 loading class java/util/spi/ResourceBundleProvider
Event: 0.657 loading class java/util/spi/ResourceBundleProvider done
Event: 0.657 loading class sun/util/resources/LocaleData$LocaleDataResourceBundleProvider done
Event: 0.657 loading class sun/util/resources/LocaleData$CommonResourceBundleProvider done
Event: 0.657 loading class sun/util/resources/Bundles$2
Event: 0.657 loading class sun/util/resources/Bundles$2 done
Event: 0.658 loading class java/lang/InstantiationException
Event: 0.658 loading class java/lang/InstantiationException done
Event: 0.663 loading class java/nio/channels/spi/AbstractInterruptibleChannel$1
Event: 0.663 loading class sun/nio/ch/Interruptible
Event: 0.663 loading class sun/nio/ch/Interruptible done
Event: 0.663 loading class java/nio/channels/spi/AbstractInterruptibleChannel$1 done
Event: 0.664 loading class java/util/regex/Matcher$ImmutableMatchResult
Event: 0.664 loading class java/util/regex/Matcher$ImmutableMatchResult done


Dynamic libraries:
0x00007ff761580000 - 0x00007ff761590000 	C:\Program Files\Java\jdk-17\bin\java.exe
0x00007ffba4a70000 - 0x00007ffba4c65000 	C:\WINDOWS\SYSTEM32\ntdll.dll
0x00007ffba4260000 - 0x00007ffba431e000 	C:\WINDOWS\System32\KERNEL32.DLL
0x00007ffba2220000 - 0x00007ffba24e8000 	C:\WINDOWS\System32\KERNELBASE.dll
0x00007ffba2590000 - 0x00007ffba2690000 	C:\WINDOWS\System32\ucrtbase.dll
0x00007ffb6b220000 - 0x00007ffb6b238000 	C:\Program Files\Java\jdk-17\bin\jli.dll
0x00007ffb6b1e0000 - 0x00007ffb6b1fa000 	C:\Program Files\Java\jdk-17\bin\VCRUNTIME140.dll
0x00007ffba4860000 - 0x00007ffba490c000 	C:\WINDOWS\System32\ADVAPI32.dll
0x00007ffba2ef0000 - 0x00007ffba2f8e000 	C:\WINDOWS\System32\msvcrt.dll
0x00007ffba4910000 - 0x00007ffba49ab000 	C:\WINDOWS\System32\sechost.dll
0x00007ffba4500000 - 0x00007ffba462a000 	C:\WINDOWS\System32\RPCRT4.dll
0x00007ffba2d40000 - 0x00007ffba2ee1000 	C:\WINDOWS\System32\USER32.dll
0x00007ffba2a90000 - 0x00007ffba2ab2000 	C:\WINDOWS\System32\win32u.dll
0x00007ffb92dc0000 - 0x00007ffb9305a000 	C:\WINDOWS\WinSxS\amd64_microsoft.windows.common-controls_6595b64144ccf1df_6.0.19041.1110_none_60b5254171f9507e\COMCTL32.dll
0x00007ffba44c0000 - 0x00007ffba44eb000 	C:\WINDOWS\System32\GDI32.dll
0x00007ffba2690000 - 0x00007ffba279b000 	C:\WINDOWS\System32\gdi32full.dll
0x00007ffba24f0000 - 0x00007ffba258d000 	C:\WINDOWS\System32\msvcp_win.dll
0x00007ffb93d50000 - 0x00007ffb93d5a000 	C:\WINDOWS\SYSTEM32\VERSION.dll
0x00007ffba3ed0000 - 0x00007ffba3f00000 	C:\WINDOWS\System32\IMM32.DLL
0x00007ffb95c00000 - 0x00007ffb95c0c000 	C:\Program Files\Java\jdk-17\bin\vcruntime140_1.dll
0x00007ffb51160000 - 0x00007ffb511ed000 	C:\Program Files\Java\jdk-17\bin\msvcp140.dll
0x00007ffb505a0000 - 0x00007ffb5115e000 	C:\Program Files\Java\jdk-17\bin\server\jvm.dll
0x00007ffba44f0000 - 0x00007ffba44f8000 	C:\WINDOWS\System32\PSAPI.DLL
0x00007ffb8a200000 - 0x00007ffb8a209000 	C:\WINDOWS\SYSTEM32\WSOCK32.dll
0x00007ffb961f0000 - 0x00007ffb96217000 	C:\WINDOWS\SYSTEM32\WINMM.dll
0x00007ffba4450000 - 0x00007ffba44bb000 	C:\WINDOWS\System32\WS2_32.dll
0x00007ffba00b0000 - 0x00007ffba00c2000 	C:\WINDOWS\SYSTEM32\kernel.appcore.dll
0x00007ffb8a100000 - 0x00007ffb8a10a000 	C:\Program Files\Java\jdk-17\bin\jimage.dll
0x00007ffb92540000 - 0x00007ffb92724000 	C:\WINDOWS\SYSTEM32\DBGHELP.DLL
0x00007ffb921f0000 - 0x00007ffb9221c000 	C:\WINDOWS\SYSTEM32\dbgcore.DLL
0x00007ffba27f0000 - 0x00007ffba2873000 	C:\WINDOWS\System32\bcryptPrimitives.dll
0x00007ffb55330000 - 0x00007ffb55355000 	C:\Program Files\Java\jdk-17\bin\java.dll
0x00007ffb504c0000 - 0x00007ffb50596000 	C:\Program Files\Java\jdk-17\bin\svml.dll
0x00007ffba3790000 - 0x00007ffba3ecf000 	C:\WINDOWS\System32\SHELL32.dll
0x00007ffba02b0000 - 0x00007ffba0a40000 	C:\WINDOWS\SYSTEM32\windows.storage.dll
0x00007ffba3f00000 - 0x00007ffba4255000 	C:\WINDOWS\System32\combase.dll
0x00007ffba1be0000 - 0x00007ffba1c0e000 	C:\WINDOWS\SYSTEM32\Wldp.dll
0x00007ffba3140000 - 0x00007ffba31ed000 	C:\WINDOWS\System32\SHCORE.dll
0x00007ffba46d0000 - 0x00007ffba4725000 	C:\WINDOWS\System32\shlwapi.dll
0x00007ffba20d0000 - 0x00007ffba20ef000 	C:\WINDOWS\SYSTEM32\profapi.dll
0x00007ffb66fa0000 - 0x00007ffb66fb9000 	C:\Program Files\Java\jdk-17\bin\net.dll
0x00007ffb96230000 - 0x00007ffb9633c000 	C:\WINDOWS\SYSTEM32\WINHTTP.dll
0x00007ffba1940000 - 0x00007ffba19aa000 	C:\WINDOWS\system32\mswsock.dll
0x00007ffb542b0000 - 0x00007ffb542c5000 	C:\Program Files\Java\jdk-17\bin\nio.dll

dbghelp: loaded successfully - version: 4.0.5 - missing functions: none
symbol engine: initialized successfully - sym options: 0x614 - pdb path: .;C:\Program Files\Java\jdk-17\bin;C:\WINDOWS\SYSTEM32;C:\WINDOWS\WinSxS\amd64_microsoft.windows.common-controls_6595b64144ccf1df_6.0.19041.1110_none_60b5254171f9507e;C:\Program Files\Java\jdk-17\bin\server

VM Arguments:
jvm_args: --add-modules=ALL-DEFAULT 
java_command: jdk.compiler/com.sun.tools.javac.launcher.Main .\Day9.java
java_class_path (initial): .
Launcher Type: SUN_STANDARD

[Global flags]
     intx CICompilerCount                          = 3                                         {product} {ergonomic}
     uint ConcGCThreads                            = 1                                         {product} {ergonomic}
     uint G1ConcRefinementThreads                  = 4                                         {product} {ergonomic}
   size_t G1HeapRegionSize                         = 2097152                                   {product} {ergonomic}
    uintx GCDrainStackTargetSize                   = 64                                        {product} {ergonomic}
   size_t InitialHeapSize                          = 268435456                                 {product} {ergonomic}
   size_t MarkStackSize                            = 4194304                                   {product} {ergonomic}
   size_t MaxHeapSize                              = 4278190080                                {product} {ergonomic}
   size_t MaxNewSize                               = 2566914048                                {product} {ergonomic}
   size_t MinHeapDeltaBytes                        = 2097152                                   {product} {ergonomic}
   size_t MinHeapSize                              = 8388608                                   {product} {ergonomic}
    uintx NonNMethodCodeHeapSize                   = 5832780                                {pd product} {ergonomic}
    uintx NonProfiledCodeHeapSize                  = 122912730                              {pd product} {ergonomic}
    uintx ProfiledCodeHeapSize                     = 122912730                              {pd product} {ergonomic}
    uintx ReservedCodeCacheSize                    = 251658240                              {pd product} {ergonomic}
     bool SegmentedCodeCache                       = true                                      {product} {ergonomic}
   size_t SoftMaxHeapSize                          = 4278190080                             {manageable} {ergonomic}
     bool UseCompressedClassPointers               = true                           {product lp64_product} {ergonomic}
     bool UseCompressedOops                        = true                           {product lp64_product} {ergonomic}
     bool UseG1GC                                  = true                                      {product} {ergonomic}
     bool UseLargePagesIndividualAllocation        = false                                  {pd product} {ergonomic}

Logging:
Log output configuration:
 #0: stdout all=warning uptime,level,tags
 #1: stderr all=off uptime,level,tags

Environment Variables:
JAVA_HOME=C:\Users\sogyo\AppData\Local\Programs\Eclipse Foundation\jdk-11.0.12.7-hotspot\
PATH=C:\Program Files\Common Files\Oracle\Java\javapath;C:\WINDOWS\system32;C:\WINDOWS;C:\WINDOWS\System32\Wbem;C:\WINDOWS\System32\WindowsPowerShell\v1.0\;C:\WINDOWS\System32\OpenSSH\;C:\Program Files\Git\cmd;C:\Program Files (x86)\Microsoft SQL Server\150\DTS\Binn\;C:\Program Files\Azure Data Studio\bin;C:\Program Files\Microsoft SQL Server\Client SDK\ODBC\170\Tools\Binn\;C:\Program Files (x86)\Microsoft SQL Server\150\Tools\Binn\;C:\Program Files\Microsoft SQL Server\150\Tools\Binn\;C:\Program Files\Microsoft SQL Server\150\DTS\Binn\;C:\Program Files\dotnet\;C:\Program Files\nodejs\;C:\Users\sogyo\AppData\Local\Programs\Eclipse Foundation\jdk-11.0.12.7-hotspot\bin;C:\Users\sogyo\AppData\Local\Microsoft\WindowsApps;;C:\Users\sogyo\AppData\Local\Programs\Microsoft VS Code\bin;C:\Program Files\Azure Data Studio\bin;C:\Users\sogyo\.dotnet\tools;C:\Users\sogyo\AppData\Roaming\npm
USERNAME=sogyo
LANG=en_US.UTF-8
OS=Windows_NT
PROCESSOR_IDENTIFIER=Intel64 Family 6 Model 60 Stepping 3, GenuineIntel



---------------  S Y S T E M  ---------------

OS:
 Windows 10 , 64 bit Build 19041 (10.0.19041.1348)
OS uptime: 14 days 2:15 hours

CPU: total 4 (initial active 4) (4 cores per cpu, 1 threads per core) family 6 model 60 stepping 3 microcode 0x27, cx8, cmov, fxsr, mmx, sse, sse2, sse3, ssse3, sse4.1, sse4.2, popcnt, lzcnt, tsc, tscinvbit, avx, avx2, aes, erms, clmul, bmi1, bmi2, fma, vzeroupper, clflush

Memory: 4k page, system-wide physical 16312M (9355M free)
TotalPageFile size 18744M (AvailPageFile size 9652M)
current process WorkingSet (physical memory assigned to process): 99M, peak: 104M
current process commit charge ("private bytes"): 374M, peak: 380M

vm_info: Java HotSpot(TM) 64-Bit Server VM (17+35-LTS-2724) for windows-amd64 JRE (17+35-LTS-2724), built on Aug  5 2021 23:28:28 by "mach5one" with MS VC++ 16.8 (VS2019)

END.
